\BOOKMARK [0][-]{chapter.1}{\376\377\000I\000n\000t\000r\000o\000d\000u\000c\000c\000i\000\363\000n}{}% 1
\BOOKMARK [1][-]{section.1.1}{\376\377\000E\000s\000q\000u\000e\000m\000a\000\040\000d\000e\000l\000\040\000t\000r\000a\000b\000a\000j\000o}{chapter.1}% 2
\BOOKMARK [1][-]{section.1.2}{\376\377\000I\000n\000t\000r\000o\000d\000u\000c\000c\000i\000\363\000n\000\040\000a\000l\000\040\000p\000r\000o\000b\000l\000e\000m\000a\000\040\000d\000e\000\040\000a\000p\000p\000o\000r\000t\000i\000o\000n\000m\000e\000n\000t\000\040\000\050\000p\000r\000o\000r\000r\000a\000t\000e\000o\000\051}{chapter.1}% 3
\BOOKMARK [1][-]{section.1.3}{\376\377\000M\000a\000r\000c\000o\000\040\000d\000e\000l\000\040\000p\000r\000o\000b\000l\000e\000m\000a}{chapter.1}% 4
\BOOKMARK [2][-]{subsection.1.3.1}{\376\377\000P\000r\000o\000p\000i\000e\000d\000a\000d\000e\000s\000\040\000d\000e\000s\000e\000a\000b\000l\000e\000s}{section.1.3}% 5
\BOOKMARK [1][-]{section.1.4}{\376\377\000A\000l\000g\000u\000n\000o\000s\000\040\000m\000\351\000t\000o\000d\000o\000s\000\040\000t\000\355\000p\000i\000c\000o\000s}{chapter.1}% 6
\BOOKMARK [2][-]{subsection.1.4.1}{\376\377\000M\000\351\000t\000o\000d\000o\000\040\000d\000e\000\040\000H\000a\000m\000i\000l\000t\000o\000n}{section.1.4}% 7
\BOOKMARK [2][-]{subsection.1.4.2}{\376\377\000M\000\351\000t\000o\000d\000o\000\040\000d\000e\000\040\000J\000e\000f\000f\000e\000r\000s\000o\000n\000/\000D\000'\000H\000o\000n\000t}{section.1.4}% 8
\BOOKMARK [2][-]{subsection.1.4.3}{\376\377\000M\000\351\000t\000o\000d\000o\000\040\000d\000e\000\040\000W\000e\000b\000s\000t\000e\000r\000/\000S\000a\000i\000n\000t\000-\000L\000a\000g\000u\000\353}{section.1.4}% 9
\BOOKMARK [2][-]{subsection.1.4.4}{\376\377\000O\000b\000s\000e\000r\000v\000a\000c\000i\000o\000n\000e\000s\000\040\000d\000e\000\040\000l\000o\000s\000\040\000m\000\351\000t\000o\000d\000o\000s\000\040\000t\000\355\000p\000i\000c\000o\000s}{section.1.4}% 10
\BOOKMARK [0][-]{chapter.2}{\376\377\000D\000e\000s\000a\000r\000r\000o\000l\000l\000o\000\040\000t\000e\000\363\000r\000i\000c\000o}{}% 11
\BOOKMARK [1][-]{section.2.1}{\376\377\000M\000\351\000t\000o\000d\000o\000s\000\040\000d\000e\000\040\000d\000i\000v\000i\000s\000o\000r}{chapter.2}% 12
\BOOKMARK [1][-]{section.2.2}{\376\377\000M\000\351\000t\000o\000d\000o\000s\000\040\000d\000e\000\040\000q\000u\000o\000t\000a}{chapter.2}% 13
\BOOKMARK [2][-]{subsection.2.2.1}{\376\377\000M\000\351\000t\000o\000d\000o\000s\000\040\000s\000h\000i\000f\000t\000-\000q\000u\000o\000t\000a}{section.2.2}% 14
\BOOKMARK [1][-]{section.2.3}{\376\377\000R\000e\000s\000u\000l\000t\000a\000d\000o\000s\000\040\000p\000r\000i\000n\000c\000i\000p\000a\000l\000e\000s\000\040\000d\000e\000l\000\040\000\341\000r\000e\000a}{chapter.2}% 15
\BOOKMARK [1][-]{section.2.4}{\376\377\000C\000o\000n\000c\000l\000u\000s\000i\000o\000n\000e\000s\000\040\000y\000\040\000a\000l\000g\000u\000n\000o\000s\000\040\000r\000e\000s\000u\000l\000t\000a\000d\000o\000s\000\040\000e\000x\000t\000r\000a}{chapter.2}% 16
\BOOKMARK [0][-]{chapter.3}{\376\377\000M\000\351\000t\000o\000d\000o\000s\000\040\000a\000l\000e\000a\000t\000o\000r\000i\000z\000a\000d\000o\000s}{}% 17
\BOOKMARK [1][-]{section.3.1}{\376\377\000I\000n\000t\000r\000o\000d\000u\000c\000c\000i\000\363\000n\000\040\000a\000\040\000m\000\351\000t\000o\000d\000o\000s\000\040\000a\000l\000e\000a\000t\000o\000r\000i\000z\000a\000d\000o\000s}{chapter.3}% 18
\BOOKMARK [2][-]{subsection.3.1.1}{\376\377\000P\000r\000o\000p\000i\000e\000d\000a\000d\000e\000s\000\040\000f\000u\000n\000d\000a\000m\000e\000n\000t\000a\000l\000e\000s\000\040\000p\000a\000r\000a\000\040\000m\000\351\000t\000o\000d\000o\000s\000\040\000a\000l\000e\000a\000t\000o\000r\000i\000z\000a\000d\000o\000s}{section.3.1}% 19
\BOOKMARK [1][-]{section.3.2}{\376\377\000E\000j\000e\000m\000p\000l\000o\000s}{chapter.3}% 20
\BOOKMARK [2][-]{subsection.3.2.1}{\376\377\000M\000\351\000t\000o\000d\000o\000\040\000d\000e\000\040\000G\000r\000i\000m\000m\000e\000t\000t\000\040\000\050\0002\0000\0000\0004\000\051\000\040\000-\000\040\000S\000y\000s\000t\000e\000m\000a\000t\000i\000c\000\040\000r\000o\000u\000n\000d\000i\000n\000g}{section.3.2}% 21
\BOOKMARK [2][-]{subsection.3.2.2}{\376\377\000F\000o\000r\000m\000u\000l\000a\000c\000i\000\363\000n\000\040\000c\000o\000m\000o\000\040\000p\000r\000o\000b\000l\000e\000m\000a\000\040\000d\000e\000\040\000o\000p\000t\000i\000m\000i\000z\000a\000c\000i\000\363\000n\000\040\000d\000e\000\040\000m\000e\000d\000i\000d\000a}{section.3.2}% 22
\BOOKMARK [2][-]{subsection.3.2.3}{\376\377\000C\000o\000n\000d\000i\000t\000i\000o\000n\000a\000l\000\040\000P\000o\000i\000s\000s\000o\000n\000\040\000R\000o\000u\000n\000d\000i\000n\000g\000\040\000-\000\040\000M\000\341\000x\000i\000m\000a\000\040\000E\000n\000t\000r\000o\000p\000\355\000a}{section.3.2}% 23
\BOOKMARK [2][-]{subsection.3.2.4}{\376\377\000A\000l\000g\000o\000r\000i\000t\000m\000o\000\040\000d\000e\000\040\000S\000a\000m\000p\000f\000o\000r\000d\000\040\000\050\0006\0007\000'\000\051}{section.3.2}% 24
\BOOKMARK [2][-]{subsection.3.2.5}{\376\377\000A\000l\000g\000o\000r\000i\000t\000m\000o\000\040\000d\000e\000\040\000B\000r\000e\000w\000e\000r\000\040\000\050\0006\0003\000'\000\051}{section.3.2}% 25
\BOOKMARK [1][-]{section.3.3}{\376\377\000R\000e\000s\000u\000l\000t\000a\000d\000o\000s\000\040\000s\000o\000b\000r\000e\000\040\000m\000\351\000t\000o\000d\000o\000s\000\040\000a\000l\000e\000a\000t\000o\000r\000i\000z\000a\000d\000o\000s}{chapter.3}% 26
\BOOKMARK [2][-]{subsection.3.3.1}{\376\377\000M\000\351\000t\000o\000d\000o\000\040\000d\000e\000\040\000G\000r\000i\000m\000m\000e\000t\000t\000\040\000-\000\040\000S\000y\000s\000t\000e\000m\000a\000t\000i\000c\000\040\000r\000o\000u\000n\000d\000i\000n\000g}{section.3.3}% 27
\BOOKMARK [2][-]{subsection.3.3.2}{\376\377\000C\000o\000n\000d\000i\000t\000i\000o\000n\000a\000l\000\040\000P\000o\000i\000s\000s\000o\000n\000\040\000R\000o\000u\000n\000d\000i\000n\000g\000\040\000-\000\040\000M\000\341\000x\000i\000m\000a\000\040\000E\000n\000t\000r\000o\000p\000\355\000a}{section.3.3}% 28
\BOOKMARK [2][-]{subsection.3.3.3}{\376\377\000A\000l\000g\000o\000r\000i\000t\000m\000o\000\040\000d\000e\000\040\000S\000a\000m\000p\000f\000o\000r\000d}{section.3.3}% 29
\BOOKMARK [0][-]{chapter.4}{\376\377\000T\000r\000a\000b\000a\000j\000o\000\040\000r\000e\000a\000l\000i\000z\000a\000d\000o}{}% 30
\BOOKMARK [1][-]{section.4.1}{\376\377\000R\000e\000s\000u\000l\000t\000a\000d\000o\000s}{chapter.4}% 31
\BOOKMARK [2][-]{subsection.4.1.1}{\376\377\000I\000d\000e\000a\000\040\000d\000e\000\040\000d\000i\000s\000t\000r\000i\000b\000u\000c\000i\000\363\000n\000\040\000c\000o\000n\000\040\000o\000r\000d\000e\000n\000\040\000l\000e\000x\000i\000c\000o\000g\000r\000\341\000f\000i\000c\000o\000\040\000s\000o\000b\000r\000e\000\040\000s\000u\000b\000c\000o\000n\000j\000u\000n\000t\000o\000s\000\040\000d\000e\000\040\000c\000a\000r\000d\000i\000n\000a\000l\000\040\000k}{section.4.1}% 32
\BOOKMARK [2][-]{subsection.4.1.2}{\376\377\000S\000o\000l\000u\000c\000i\000o\000n\000e\000s\000\040\000d\000e\000l\000\040\000p\000r\000o\000b\000l\000e\000m\000a\000\040\000l\000i\000n\000e\000a\000l\000\040\000n\000o\000\040\000s\000a\000t\000i\000s\000f\000a\000c\000e\000n\000\040\000s\000e\000l\000e\000c\000t\000i\000o\000n\000\040\000m\000o\000n\000o\000t\000o\000n\000i\000c\000i\000t\000y}{section.4.1}% 33
\BOOKMARK [2][-]{subsection.4.1.3}{\376\377\000D\000e\000f\000i\000n\000i\000r\000\040\000m\000e\000d\000i\000d\000a\000\040\000s\000o\000b\000r\000e\000\040\000[\000n\000]}{section.4.1}% 34
\BOOKMARK [2][-]{subsection.4.1.4}{\376\377\000P\000r\000u\000e\000b\000a\000\040\000e\000x\000h\000a\000u\000s\000t\000i\000v\000a\000\040\000d\000e\000\040\000f\000a\000c\000t\000i\000b\000i\000l\000i\000d\000a\000d\000\040\000d\000e\000\040\000b\000a\000s\000e\000s\000\040\000p\000a\000r\000a\000\040\000e\000l\000\040\000m\000\351\000t\000o\000d\000o\000\040\000d\000e\000\040\000p\000r\000o\000g\000r\000a\000m\000a\000c\000i\000\363\000n\000\040\000l\000i\000n\000e\000a\000l}{section.4.1}% 35
\BOOKMARK [2][-]{subsection.4.1.5}{\376\377\000P\000r\000e\000g\000u\000n\000t\000a\000s}{section.4.1}% 36
\BOOKMARK [1][-]{section.4.2}{\376\377\000E\000j\000e\000m\000p\000l\000o\000s\000\040\000d\000e\000\040\000c\000o\000s\000a\000s}{chapter.4}% 37
\BOOKMARK [1][-]{section.4.3}{\376\377\000T\000\355\000t\000u\000l\000o\000s\000\040\000p\000o\000s\000i\000b\000l\000e\000s}{chapter.4}% 38
\BOOKMARK [1][-]{section.4.4}{\376\377\000C\000o\000s\000a\000s\000\040\000a\000\040\000c\000o\000r\000r\000e\000g\000i\000r\000/\000a\000g\000r\000e\000g\000a\000r}{chapter.4}% 39
\BOOKMARK [0][-]{appendix.Alph1}{\376\377\000\040}{}% 40
